2024-09-11 02:15:04,642 - INFO: [NEW WEBSCRAPING SESSION STARTED]
2024-09-11 02:15:04,964 - INFO: (Scraper) Browser launched
2024-09-11 02:15:04,979 - INFO: (Scraper) Context created
2024-09-11 02:15:05,043 - INFO: (Scraper: Instagram) Page Instagram created in the context
2024-09-11 02:15:05,081 - INFO: (Scraper: TikTok) Page TikTok created in the context
2024-09-11 02:15:10,284 - INFO: (Scraper: Instagram) Reached https://www.businessofapps.com/data/instagram-statistics/
2024-09-11 02:15:10,286 - INFO: (Scraper: Instagram) Waiting for any popup to appear in order to close it
2024-09-11 02:15:11,235 - INFO: (Scraper: TikTok) Reached https://www.businessofapps.com/data/tik-tok-statistics/
2024-09-11 02:15:11,235 - INFO: (Scraper: TikTok) Waiting for any popup to appear in order to close it
2024-09-11 02:15:42,293 - INFO: (Scraper: Instagram) No identifiable popup type was raised
2024-09-11 02:15:42,320 - INFO: (Scraper: Instagram) Table founded by aria-label: Instagram overview
2024-09-11 02:15:43,239 - INFO: (Scraper: TikTok) No identifiable popup type was raised
2024-09-11 02:15:43,265 - INFO: (Scraper: TikTok) Table founded by aria-label: TikTok overview
2024-09-11 02:15:43,340 - INFO: (Scraper: Instagram) Waiting for Instagram_overview (1/2 seconds)
2024-09-11 02:15:44,275 - INFO: (Scraper: TikTok) Waiting for TikTok_overview (1/2 seconds)
2024-09-11 02:15:44,344 - INFO: (Scraper: Instagram) Waiting for Instagram_overview (2/2 seconds)
2024-09-11 02:15:44,530 - INFO: (Scraper: Instagram) Attempt to take a screenshot of the Instagram_overview element
2024-09-11 02:15:44,535 - INFO: (Scraper: Instagram) Table founded by aria-label: Instagram annual revenue
2024-09-11 02:15:45,278 - INFO: (Scraper: TikTok) Waiting for TikTok_overview (2/2 seconds)
2024-09-11 02:15:45,351 - INFO: (Scraper: TikTok) Attempt to take a screenshot of the TikTok_overview element
2024-09-11 02:15:45,357 - INFO: (Scraper: TikTok) Table founded by aria-label: TikTok annual revenue
2024-09-11 02:15:45,573 - INFO: (Scraper: Instagram) Waiting for Instagram_annual_revenue (1/2 seconds)
2024-09-11 02:15:46,373 - INFO: (Scraper: TikTok) Waiting for TikTok_annual_revenue (1/2 seconds)
2024-09-11 02:15:46,576 - INFO: (Scraper: Instagram) Waiting for Instagram_annual_revenue (2/2 seconds)
2024-09-11 02:15:46,635 - INFO: (Scraper: Instagram) Attempt to take a screenshot of the Instagram_annual_revenue element
2024-09-11 02:15:46,643 - INFO: (Scraper: Instagram) Table founded by aria-label: Percentage Facebook revenue from Instagram
2024-09-11 02:15:47,375 - INFO: (Scraper: TikTok) Waiting for TikTok_annual_revenue (2/2 seconds)
2024-09-11 02:15:47,434 - INFO: (Scraper: TikTok) Attempt to take a screenshot of the TikTok_annual_revenue element
2024-09-11 02:15:47,439 - INFO: (Scraper: TikTok) Table founded by aria-label: TikTok annual users
2024-09-11 02:15:47,675 - INFO: (Scraper: Instagram) Waiting for Percentage_Facebook_revenue_from_Instagram (1/2 seconds)
2024-09-11 02:15:48,458 - INFO: (Scraper: TikTok) Waiting for TikTok_annual_users (1/2 seconds)
2024-09-11 02:15:48,678 - INFO: (Scraper: Instagram) Waiting for Percentage_Facebook_revenue_from_Instagram (2/2 seconds)
2024-09-11 02:15:48,737 - INFO: (Scraper: Instagram) Attempt to take a screenshot of the Percentage_Facebook_revenue_from_Instagram element
2024-09-11 02:15:48,743 - INFO: (Scraper: Instagram) Table founded by aria-label: Instagram annual users
2024-09-11 02:15:49,460 - INFO: (Scraper: TikTok) Waiting for TikTok_annual_users (2/2 seconds)
2024-09-11 02:15:49,518 - INFO: (Scraper: TikTok) Attempt to take a screenshot of the TikTok_annual_users element
2024-09-11 02:15:49,523 - INFO: (Scraper: TikTok) Table founded by aria-label: TikTok users by region
2024-09-11 02:15:49,755 - INFO: (Scraper: Instagram) Waiting for Instagram_annual_users (1/2 seconds)
2024-09-11 02:15:50,540 - INFO: (Scraper: TikTok) Waiting for TikTok_users_by_region (1/2 seconds)
2024-09-11 02:15:50,757 - INFO: (Scraper: Instagram) Waiting for Instagram_annual_users (2/2 seconds)
2024-09-11 02:15:50,840 - INFO: (Scraper: Instagram) Attempt to take a screenshot of the Instagram_annual_users element
2024-09-11 02:15:50,845 - INFO: (Scraper: Instagram) Table founded by aria-label: Instagram users by region
2024-09-11 02:15:51,543 - INFO: (Scraper: TikTok) Waiting for TikTok_users_by_region (2/2 seconds)
2024-09-11 02:15:51,600 - INFO: (Scraper: TikTok) Attempt to take a screenshot of the TikTok_users_by_region element
2024-09-11 02:15:51,605 - INFO: (Scraper: TikTok) Table founded by aria-label: Douyin users
2024-09-11 02:15:51,856 - INFO: (Scraper: Instagram) Waiting for Instagram_users_by_region (1/2 seconds)
2024-09-11 02:15:52,623 - INFO: (Scraper: TikTok) Waiting for Douyin_users (1/2 seconds)
2024-09-11 02:15:52,858 - INFO: (Scraper: Instagram) Waiting for Instagram_users_by_region (2/2 seconds)
2024-09-11 02:15:52,917 - INFO: (Scraper: Instagram) Attempt to take a screenshot of the Instagram_users_by_region element
2024-09-11 02:15:52,922 - INFO: (Scraper: Instagram) Table founded by aria-label: Instagram age demographics
2024-09-11 02:15:53,624 - INFO: (Scraper: TikTok) Waiting for Douyin_users (2/2 seconds)
2024-09-11 02:15:53,685 - INFO: (Scraper: TikTok) Attempt to take a screenshot of the Douyin_users element
2024-09-11 02:15:53,690 - INFO: (Scraper: TikTok) Table founded by aria-label: TikTok cumulative downloads
2024-09-11 02:15:53,940 - INFO: (Scraper: Instagram) Waiting for Instagram_age_demographics (1/2 seconds)
2024-09-11 02:15:54,706 - INFO: (Scraper: TikTok) Waiting for TikTok_cumulative_downloads (1/2 seconds)
2024-09-11 02:15:54,942 - INFO: (Scraper: Instagram) Waiting for Instagram_age_demographics (2/2 seconds)
2024-09-11 02:15:55,001 - INFO: (Scraper: Instagram) Attempt to take a screenshot of the Instagram_age_demographics element
2024-09-11 02:15:55,007 - INFO: (Scraper: Instagram) Table founded by aria-label: Instagram gender demographics
2024-09-11 02:15:55,709 - INFO: (Scraper: TikTok) Waiting for TikTok_cumulative_downloads (2/2 seconds)
2024-09-11 02:15:55,769 - INFO: (Scraper: TikTok) Attempt to take a screenshot of the TikTok_cumulative_downloads element
2024-09-11 02:15:55,774 - INFO: (Scraper: TikTok) Table founded by aria-label: TikTok age demographics
2024-09-11 02:15:56,022 - INFO: (Scraper: Instagram) Waiting for Instagram_gender_demographics (1/2 seconds)
2024-09-11 02:15:56,793 - INFO: (Scraper: TikTok) Waiting for TikTok_age_demographics (1/2 seconds)
2024-09-11 02:15:57,024 - INFO: (Scraper: Instagram) Waiting for Instagram_gender_demographics (2/2 seconds)
2024-09-11 02:15:57,080 - INFO: (Scraper: Instagram) Attempt to take a screenshot of the Instagram_gender_demographics element
2024-09-11 02:15:57,795 - INFO: (Scraper: TikTok) Waiting for TikTok_age_demographics (2/2 seconds)
2024-09-11 02:15:57,850 - INFO: (Scraper: TikTok) Attempt to take a screenshot of the TikTok_age_demographics element
2024-09-11 02:15:57,855 - INFO: (Scraper: TikTok) Table founded by aria-label: TikTok gender demographics
2024-09-11 02:15:58,106 - INFO: (Scraper: Instagram) Waiting for Instagram estimated revenues (1/2 seconds)
2024-09-11 02:15:58,873 - INFO: (Scraper: TikTok) Waiting for TikTok_gender_demographics (1/2 seconds)
2024-09-11 02:15:59,108 - INFO: (Scraper: Instagram) Waiting for Instagram estimated revenues (2/2 seconds)
2024-09-11 02:15:59,177 - INFO: (Scraper: Instagram) Attempt to take a screenshot of the Instagram estimated revenues element
2024-09-11 02:15:59,876 - INFO: (Scraper: TikTok) Waiting for TikTok_gender_demographics (2/2 seconds)
2024-09-11 02:15:59,929 - INFO: (Scraper: TikTok) Attempt to take a screenshot of the TikTok_gender_demographics element
2024-09-11 02:16:00,189 - INFO: (Scraper: Instagram) Waiting for Instagram monthly app users (1/2 seconds)
2024-09-11 02:16:00,990 - INFO: (Scraper: TikTok) Waiting for TikTok estimated revenues (1/2 seconds)
2024-09-11 02:16:01,191 - INFO: (Scraper: Instagram) Waiting for Instagram monthly app users (2/2 seconds)
2024-09-11 02:16:01,261 - INFO: (Scraper: Instagram) Attempt to take a screenshot of the Instagram monthly app users element
2024-09-11 02:16:01,992 - INFO: (Scraper: TikTok) Waiting for TikTok estimated revenues (2/2 seconds)
2024-09-11 02:16:02,061 - INFO: (Scraper: TikTok) Attempt to take a screenshot of the TikTok estimated revenues element
2024-09-11 02:16:02,272 - INFO: (Scraper: Instagram) Waiting for Social App Users (1/2 seconds)
2024-09-11 02:16:03,105 - INFO: (Scraper: TikTok) Waiting for TikTok MAUs (1/2 seconds)
2024-09-11 02:16:03,274 - INFO: (Scraper: Instagram) Waiting for Social App Users (2/2 seconds)
2024-09-11 02:16:03,343 - INFO: (Scraper: Instagram) Attempt to take a screenshot of the Social App Users element
2024-09-11 02:16:03,403 - INFO: (Scraper: Instagram) Table raw data point extracted: |_|
2024-09-11 02:16:03,417 - INFO: (Scraper: Instagram) Table raw data point extracted: Launch date|_|6 October 2010
2024-09-11 02:16:03,446 - INFO: (Scraper: Instagram) Table raw data point extracted: HQ|_|Menlo Park, California
2024-09-11 02:16:03,465 - INFO: (Scraper: Instagram) Table raw data point extracted: People|_|Adam Mosseri (CEO), Mark Zuckerberg (Meta CEO), Kevin Systrom (co-founder), Mike Krieger (co-founder)
2024-09-11 02:16:03,479 - INFO: (Scraper: Instagram) Table raw data point extracted: Business type|_|Subsidiary
2024-09-11 02:16:03,492 - INFO: (Scraper: Instagram) Table raw data point extracted: Owner|_|Meta Platforms
2024-09-11 02:16:03,507 - INFO: (Scraper: Instagram) Table raw data point extracted: Industry|_|Social media
2024-09-11 02:16:03,590 - INFO: (Scraper: Instagram) Table raw data point extracted: |_|
2024-09-11 02:16:03,602 - INFO: (Scraper: Instagram) Table raw data point extracted: 2015|_|0.5
2024-09-11 02:16:03,617 - INFO: (Scraper: Instagram) Table raw data point extracted: 2016|_|1.8
2024-09-11 02:16:03,629 - INFO: (Scraper: Instagram) Table raw data point extracted: 2017|_|4.1
2024-09-11 02:16:03,643 - INFO: (Scraper: Instagram) Table raw data point extracted: 2018|_|10.3
2024-09-11 02:16:03,660 - INFO: (Scraper: Instagram) Table raw data point extracted: 2019|_|16.2
2024-09-11 02:16:03,679 - INFO: (Scraper: Instagram) Table raw data point extracted: 2020|_|21.8
2024-09-11 02:16:03,697 - INFO: (Scraper: Instagram) Table raw data point extracted: 2021|_|32
2024-09-11 02:16:03,711 - INFO: (Scraper: Instagram) Table raw data point extracted: 2022|_|36.9
2024-09-11 02:16:03,724 - INFO: (Scraper: Instagram) Table raw data point extracted: 2023|_|49.8
2024-09-11 02:16:03,804 - INFO: (Scraper: Instagram) Table raw data point extracted: |_|
2024-09-11 02:16:03,817 - INFO: (Scraper: Instagram) Table raw data point extracted: 2015|_|3.4
2024-09-11 02:16:03,830 - INFO: (Scraper: Instagram) Table raw data point extracted: 2016|_|5.6
2024-09-11 02:16:03,843 - INFO: (Scraper: Instagram) Table raw data point extracted: 2017|_|8.5
2024-09-11 02:16:03,855 - INFO: (Scraper: Instagram) Table raw data point extracted: 2018|_|15.6
2024-09-11 02:16:03,869 - INFO: (Scraper: Instagram) Table raw data point extracted: 2019|_|22.9
2024-09-11 02:16:03,882 - INFO: (Scraper: Instagram) Table raw data point extracted: 2020|_|25.3
2024-09-11 02:16:03,894 - INFO: (Scraper: Instagram) Table raw data point extracted: 2021|_|27.1
2024-09-11 02:16:03,906 - INFO: (Scraper: Instagram) Table raw data point extracted: 2022|_|31.6
2024-09-11 02:16:03,919 - INFO: (Scraper: Instagram) Table raw data point extracted: 2023|_|36.9
2024-09-11 02:16:04,027 - INFO: (Scraper: Instagram) Table raw data point extracted: |_|
2024-09-11 02:16:04,041 - INFO: (Scraper: Instagram) Table raw data point extracted: 2013|_|110
2024-09-11 02:16:04,055 - INFO: (Scraper: Instagram) Table raw data point extracted: 2014|_|200
2024-09-11 02:16:04,068 - INFO: (Scraper: Instagram) Table raw data point extracted: 2015|_|370
2024-09-11 02:16:04,080 - INFO: (Scraper: Instagram) Table raw data point extracted: 2016|_|500
2024-09-11 02:16:04,092 - INFO: (Scraper: Instagram) Table raw data point extracted: 2017|_|700
2024-09-11 02:16:04,105 - INFO: (Scraper: Instagram) Table raw data point extracted: 2018|_|1000
2024-09-11 02:16:04,107 - INFO: (Scraper: TikTok) Waiting for TikTok MAUs (2/2 seconds)
2024-09-11 02:16:04,126 - INFO: (Scraper: Instagram) Table raw data point extracted: 2019|_|1210
2024-09-11 02:16:04,139 - INFO: (Scraper: Instagram) Table raw data point extracted: 2020|_|1435
2024-09-11 02:16:04,154 - INFO: (Scraper: Instagram) Table raw data point extracted: 2021|_|1690
2024-09-11 02:16:04,188 - INFO: (Scraper: TikTok) Attempt to take a screenshot of the TikTok MAUs element
2024-09-11 02:16:04,197 - INFO: (Scraper: Instagram) Table raw data point extracted: 2022|_|1960
2024-09-11 02:16:04,225 - INFO: (Scraper: Instagram) Table raw data point extracted: 2023|_|2115
2024-09-11 02:16:04,305 - INFO: (Scraper: Instagram) Table raw data point extracted: |_|
2024-09-11 02:16:04,318 - INFO: (Scraper: Instagram) Table raw data point extracted: Asia-Pacific|_|893
2024-09-11 02:16:04,340 - INFO: (Scraper: Instagram) Table raw data point extracted: Europe|_|338
2024-09-11 02:16:04,353 - INFO: (Scraper: Instagram) Table raw data point extracted: Latin America|_|299
2024-09-11 02:16:04,366 - INFO: (Scraper: Instagram) Table raw data point extracted: North America|_|224
2024-09-11 02:16:04,378 - INFO: (Scraper: Instagram) Table raw data point extracted: Middle East and North Africa|_|156
2024-09-11 02:16:04,390 - INFO: (Scraper: Instagram) Table raw data point extracted: Sub-Saharan Africa|_|86
2024-09-11 02:16:04,443 - INFO: (Scraper: Instagram) Table raw data point extracted: |_|
2024-09-11 02:16:04,456 - INFO: (Scraper: Instagram) Table raw data point extracted: |_|34.1
2024-09-11 02:16:04,469 - INFO: (Scraper: Instagram) Table raw data point extracted: |_|32.2
2024-09-11 02:16:04,481 - INFO: (Scraper: Instagram) Table raw data point extracted: |_|17
2024-09-11 02:16:04,496 - INFO: (Scraper: Instagram) Table raw data point extracted: |_|9.5
2024-09-11 02:16:04,508 - INFO: (Scraper: Instagram) Table raw data point extracted: |_|4.3
2024-09-11 02:16:04,521 - INFO: (Scraper: Instagram) Table raw data point extracted: |_|2.9
2024-09-11 02:16:04,545 - INFO: (Scraper: Instagram) Table raw data point extracted: |_|
2024-09-11 02:16:04,557 - INFO: (Scraper: Instagram) Table raw data point extracted: Male|_|50.7
2024-09-11 02:16:04,570 - INFO: (Scraper: Instagram) Table raw data point extracted: Female|_|49.3
2024-09-11 02:16:04,589 - INFO: (Scraper: Instagram) Barchart (Instagram revenues - Infogram) webscraping started
2024-09-11 02:16:04,666 - INFO: (Scraper: Instagram) Chart raw data point extracted: Q1 2015|_|111
2024-09-11 02:16:04,738 - INFO: (Scraper: Instagram) Chart raw data point extracted: Q2 2015|_|139
2024-09-11 02:16:04,789 - INFO: (Scraper: Instagram) Chart raw data point extracted: Q3 2015|_|141
2024-09-11 02:16:04,838 - INFO: (Scraper: Instagram) Chart raw data point extracted: Q4 2015|_|201
2024-09-11 02:16:04,891 - INFO: (Scraper: Instagram) Chart raw data point extracted: Q1 2016|_|261
2024-09-11 02:16:04,936 - INFO: (Scraper: Instagram) Chart raw data point extracted: Q2 2016|_|363
2024-09-11 02:16:04,993 - INFO: (Scraper: Instagram) Chart raw data point extracted: Q3 2016|_|430
2024-09-11 02:16:05,061 - INFO: (Scraper: Instagram) Chart raw data point extracted: Q4 2016|_|782
2024-09-11 02:16:05,119 - INFO: (Scraper: Instagram) Chart raw data point extracted: Q1 2017|_|568
2024-09-11 02:16:05,173 - INFO: (Scraper: Instagram) Chart raw data point extracted: Q2 2017|_|794
2024-09-11 02:16:05,217 - INFO: (Scraper: Instagram) Chart raw data point extracted: Q3 2017|_|1080
2024-09-11 02:16:05,223 - INFO: (Scraper: TikTok) Waiting for TikTok Quarterly Downloads (1/2 seconds)
2024-09-11 02:16:05,269 - INFO: (Scraper: Instagram) Chart raw data point extracted: Q4 2017|_|1664
2024-09-11 02:16:05,318 - INFO: (Scraper: Instagram) Chart raw data point extracted: Q1 2018|_|1693
2024-09-11 02:16:05,368 - INFO: (Scraper: Instagram) Chart raw data point extracted: Q2 2018|_|2030
2024-09-11 02:16:05,457 - INFO: (Scraper: Instagram) Chart raw data point extracted: Q3 2018|_|2609
2024-09-11 02:16:05,530 - INFO: (Scraper: Instagram) Chart raw data point extracted: Q4 2018|_|4031
2024-09-11 02:16:05,602 - INFO: (Scraper: Instagram) Chart raw data point extracted: Q1 2019|_|3255
2024-09-11 02:16:05,655 - INFO: (Scraper: Instagram) Chart raw data point extracted: Q2 2019|_|3887
2024-09-11 02:16:05,705 - INFO: (Scraper: Instagram) Chart raw data point extracted: Q3 2019|_|4066
2024-09-11 02:16:05,758 - INFO: (Scraper: Instagram) Chart raw data point extracted: Q4 2019|_|5016
2024-09-11 02:16:05,809 - INFO: (Scraper: Instagram) Chart raw data point extracted: Q1 2020|_|4475
2024-09-11 02:16:05,863 - INFO: (Scraper: Instagram) Chart raw data point extracted: Q2 2020|_|4888
2024-09-11 02:16:05,927 - INFO: (Scraper: Instagram) Chart raw data point extracted: Q3 2020|_|5399
2024-09-11 02:16:05,971 - INFO: (Scraper: Instagram) Chart raw data point extracted: Q4 2020|_|7075
2024-09-11 02:16:06,020 - INFO: (Scraper: Instagram) Chart raw data point extracted: Q1 2021|_|6830
2024-09-11 02:16:06,072 - INFO: (Scraper: Instagram) Chart raw data point extracted: Q2 2021|_|7792
2024-09-11 02:16:06,119 - INFO: (Scraper: Instagram) Chart raw data point extracted: Q3 2021|_|7919
2024-09-11 02:16:06,179 - INFO: (Scraper: Instagram) Chart raw data point extracted: Q4 2021|_|9495
2024-09-11 02:16:06,220 - INFO: (Scraper: Instagram) Chart raw data point extracted: Q1 2022|_|8037
2024-09-11 02:16:06,225 - INFO: (Scraper: TikTok) Waiting for TikTok Quarterly Downloads (2/2 seconds)
2024-09-11 02:16:06,274 - INFO: (Scraper: Instagram) Chart raw data point extracted: Q2 2022|_|9021
2024-09-11 02:16:06,297 - INFO: (Scraper: TikTok) Attempt to take a screenshot of the TikTok Quarterly Downloads element
2024-09-11 02:16:06,353 - INFO: (Scraper: Instagram) Chart raw data point extracted: Q3 2022|_|9034
2024-09-11 02:16:06,405 - INFO: (Scraper: Instagram) Chart raw data point extracted: Q4 2022|_|10871
2024-09-11 02:16:06,452 - INFO: (Scraper: Instagram) Chart raw data point extracted: Q1 2023|_|10054
2024-09-11 02:16:06,505 - INFO: (Scraper: Instagram) Chart raw data point extracted: Q2 2023|_|11775
2024-09-11 02:16:06,552 - INFO: (Scraper: Instagram) Chart raw data point extracted: Q3 2023|_|12736
2024-09-11 02:16:06,622 - INFO: (Scraper: Instagram) Chart raw data point extracted: Q4 2023|_|15322
2024-09-11 02:16:06,668 - INFO: (Scraper: Instagram) Chart raw data point extracted: Q1 2024|_|14472
2024-09-11 02:16:06,668 - INFO: (Scraper: Instagram) Barchart (Instagram revenues - Infogram) webscraping ended
2024-09-11 02:16:06,684 - INFO: (Scraper: Instagram) Barchart (Instagram monthly app users - Infogram) webscraping started
2024-09-11 02:16:06,778 - INFO: (Scraper: Instagram) Chart raw data point extracted: Q1 2013|_|90
2024-09-11 02:16:06,825 - INFO: (Scraper: Instagram) Chart raw data point extracted: Q2 2013|_|110
2024-09-11 02:16:06,887 - INFO: (Scraper: Instagram) Chart raw data point extracted: Q3 2013|_|130
2024-09-11 02:16:06,937 - INFO: (Scraper: Instagram) Chart raw data point extracted: Q4 2013|_|150
2024-09-11 02:16:06,987 - INFO: (Scraper: Instagram) Chart raw data point extracted: Q1 2014|_|175
2024-09-11 02:16:07,037 - INFO: (Scraper: Instagram) Chart raw data point extracted: Q2 2014|_|200
2024-09-11 02:16:07,088 - INFO: (Scraper: Instagram) Chart raw data point extracted: Q3 2014|_|250
2024-09-11 02:16:07,135 - INFO: (Scraper: Instagram) Chart raw data point extracted: Q4 2014|_|300
2024-09-11 02:16:07,189 - INFO: (Scraper: Instagram) Chart raw data point extracted: Q1 2015|_|335
2024-09-11 02:16:07,236 - INFO: (Scraper: Instagram) Chart raw data point extracted: Q2 2015|_|370
2024-09-11 02:16:07,285 - INFO: (Scraper: Instagram) Chart raw data point extracted: Q3 2015|_|400
2024-09-11 02:16:07,334 - INFO: (Scraper: Instagram) Chart raw data point extracted: Q4 2015|_|435
2024-09-11 02:16:07,340 - INFO: (Scraper: TikTok) Waiting for Social App Users (1/2 seconds)
2024-09-11 02:16:07,387 - INFO: (Scraper: Instagram) Chart raw data point extracted: Q1 2016|_|475
2024-09-11 02:16:07,435 - INFO: (Scraper: Instagram) Chart raw data point extracted: Q2 2016|_|500
2024-09-11 02:16:07,487 - INFO: (Scraper: Instagram) Chart raw data point extracted: Q3 2016|_|545
2024-09-11 02:16:07,535 - INFO: (Scraper: Instagram) Chart raw data point extracted: Q4 2016|_|600
2024-09-11 02:16:07,591 - INFO: (Scraper: Instagram) Chart raw data point extracted: Q1 2017|_|640
2024-09-11 02:16:07,704 - INFO: (Scraper: Instagram) Chart raw data point extracted: Q2 2017|_|700
2024-09-11 02:16:07,811 - INFO: (Scraper: Instagram) Chart raw data point extracted: Q3 2017|_|800
2024-09-11 02:16:07,942 - INFO: (Scraper: Instagram) Chart raw data point extracted: Q4 2017|_|885
2024-09-11 02:16:08,023 - INFO: (Scraper: Instagram) Chart raw data point extracted: Q1 2018|_|960
2024-09-11 02:16:08,107 - INFO: (Scraper: Instagram) Chart raw data point extracted: Q2 2018|_|1000
2024-09-11 02:16:08,215 - INFO: (Scraper: Instagram) Chart raw data point extracted: Q3 2018|_|1060
2024-09-11 02:16:08,287 - INFO: (Scraper: Instagram) Chart raw data point extracted: Q4 2018|_|1115
2024-09-11 02:16:08,340 - INFO: (Scraper: Instagram) Chart raw data point extracted: Q1 2019|_|1160
2024-09-11 02:16:08,343 - INFO: (Scraper: TikTok) Waiting for Social App Users (2/2 seconds)
2024-09-11 02:16:08,394 - INFO: (Scraper: Instagram) Chart raw data point extracted: Q2 2019|_|1210
2024-09-11 02:16:08,430 - INFO: (Scraper: TikTok) Attempt to take a screenshot of the Social App Users element
2024-09-11 02:16:08,480 - INFO: (Scraper: Instagram) Chart raw data point extracted: Q3 2019|_|1255
2024-09-11 02:16:08,523 - INFO: (Scraper: TikTok) Table raw data point extracted: |_|
2024-09-11 02:16:08,553 - INFO: (Scraper: TikTok) Table raw data point extracted: Launch date|_|September 2016 (China); September 2017 (International)
2024-09-11 02:16:08,559 - INFO: (Scraper: Instagram) Chart raw data point extracted: Q4 2019|_|1300
2024-09-11 02:16:08,580 - INFO: (Scraper: TikTok) Table raw data point extracted: HQ|_|Beijing, China
2024-09-11 02:16:08,592 - INFO: (Scraper: TikTok) Table raw data point extracted: People|_|Liang Rubo (ByteDance CEO), Shouzi Chew (TikTok CEO), Vanessa Pappas (TikTok COO)
2024-09-11 02:16:08,605 - INFO: (Scraper: TikTok) Table raw data point extracted: Business type|_|Private, subsidiary
2024-09-11 02:16:08,633 - INFO: (Scraper: TikTok) Table raw data point extracted: Owner|_|ByteDance
2024-09-11 02:16:08,649 - INFO: (Scraper: Instagram) Chart raw data point extracted: Q1 2020|_|1365
2024-09-11 02:16:08,651 - INFO: (Scraper: TikTok) Table raw data point extracted: Industry|_|Social networking
2024-09-11 02:16:08,717 - INFO: (Scraper: TikTok) Table raw data point extracted: |_|
2024-09-11 02:16:08,728 - INFO: (Scraper: Instagram) Chart raw data point extracted: Q2 2020|_|1435
2024-09-11 02:16:08,738 - INFO: (Scraper: TikTok) Table raw data point extracted: 2018|_|0.15
2024-09-11 02:16:08,750 - INFO: (Scraper: TikTok) Table raw data point extracted: 2019|_|0.35
2024-09-11 02:16:08,764 - INFO: (Scraper: TikTok) Table raw data point extracted: 2020|_|2.6
2024-09-11 02:16:08,780 - INFO: (Scraper: TikTok) Table raw data point extracted: 2021|_|4.8
2024-09-11 02:16:08,799 - INFO: (Scraper: TikTok) Table raw data point extracted: 2022|_|9.6
2024-09-11 02:16:08,814 - INFO: (Scraper: Instagram) Chart raw data point extracted: Q3 2020|_|1490
2024-09-11 02:16:08,819 - INFO: (Scraper: TikTok) Table raw data point extracted: 2023|_|16.1
2024-09-11 02:16:08,898 - INFO: (Scraper: Instagram) Chart raw data point extracted: Q4 2020|_|1555
2024-09-11 02:16:08,909 - INFO: (Scraper: TikTok) Table raw data point extracted: |_|
2024-09-11 02:16:08,922 - INFO: (Scraper: TikTok) Table raw data point extracted: 2018|_|133
2024-09-11 02:16:08,934 - INFO: (Scraper: TikTok) Table raw data point extracted: 2019|_|381
2024-09-11 02:16:08,956 - INFO: (Scraper: TikTok) Table raw data point extracted: 2020|_|700
2024-09-11 02:16:08,975 - INFO: (Scraper: TikTok) Table raw data point extracted: 2021|_|902
2024-09-11 02:16:08,983 - INFO: (Scraper: Instagram) Chart raw data point extracted: Q1 2021|_|1630
2024-09-11 02:16:08,994 - INFO: (Scraper: TikTok) Table raw data point extracted: 2022|_|1366
2024-09-11 02:16:09,008 - INFO: (Scraper: TikTok) Table raw data point extracted: 2023|_|1587
2024-09-11 02:16:09,063 - INFO: (Scraper: Instagram) Chart raw data point extracted: Q2 2021|_|1690
2024-09-11 02:16:09,112 - INFO: (Scraper: TikTok) Table raw data point extracted: |_||_||_||_||_|
2024-09-11 02:16:09,149 - INFO: (Scraper: Instagram) Chart raw data point extracted: Q3 2021|_|1765
2024-09-11 02:16:09,161 - INFO: (Scraper: TikTok) Table raw data point extracted: 2018|_|88|_|12|_|8|_|5|_|6
2024-09-11 02:16:09,200 - INFO: (Scraper: TikTok) Table raw data point extracted: 2019|_|185|_|49|_|59|_|33|_|28
2024-09-11 02:16:09,237 - INFO: (Scraper: Instagram) Chart raw data point extracted: Q4 2021|_|1845
2024-09-11 02:16:09,249 - INFO: (Scraper: TikTok) Table raw data point extracted: 2020|_|300|_|82|_|104|_|61|_|55
2024-09-11 02:16:09,283 - INFO: (Scraper: TikTok) Table raw data point extracted: 2021|_|404|_|110|_|138|_|97|_|82
2024-09-11 02:16:09,312 - INFO: (Scraper: Instagram) Chart raw data point extracted: Q1 2022|_|1905
2024-09-11 02:16:09,327 - INFO: (Scraper: TikTok) Table raw data point extracted: 2022|_|590|_|169|_|199|_|168|_|129
2024-09-11 02:16:09,364 - INFO: (Scraper: TikTok) Table raw data point extracted: 2023|_|682|_|192|_|238|_|207|_|171
2024-09-11 02:16:09,408 - INFO: (Scraper: Instagram) Chart raw data point extracted: Q2 2022|_|1960
2024-09-11 02:16:09,444 - INFO: (Scraper: TikTok) Table raw data point extracted: |_|
2024-09-11 02:16:09,460 - INFO: (Scraper: TikTok) Table raw data point extracted: 2017|_|33
2024-09-11 02:16:09,476 - INFO: (Scraper: TikTok) Table raw data point extracted: 2018|_|150
2024-09-11 02:16:09,510 - INFO: (Scraper: TikTok) Table raw data point extracted: 2019|_|400
2024-09-11 02:16:09,512 - INFO: (Scraper: Instagram) Chart raw data point extracted: Q3 2022|_|2010
2024-09-11 02:16:09,528 - INFO: (Scraper: TikTok) Table raw data point extracted: 2020|_|600
2024-09-11 02:16:09,547 - INFO: (Scraper: TikTok) Table raw data point extracted: 2021|_|710
2024-09-11 02:16:09,568 - INFO: (Scraper: TikTok) Table raw data point extracted: 2022|_|735
2024-09-11 02:16:09,591 - INFO: (Scraper: TikTok) Table raw data point extracted: 2023|_|750
2024-09-11 02:16:09,711 - INFO: (Scraper: Instagram) Chart raw data point extracted: Q4 2022|_|2050
2024-09-11 02:16:09,725 - INFO: (Scraper: TikTok) Table raw data point extracted: |_|
2024-09-11 02:16:09,737 - INFO: (Scraper: TikTok) Table raw data point extracted: 2017|_|150
2024-09-11 02:16:09,749 - INFO: (Scraper: TikTok) Table raw data point extracted: 2018|_|807
2024-09-11 02:16:09,768 - INFO: (Scraper: TikTok) Table raw data point extracted: 2019|_|1534
2024-09-11 02:16:09,792 - INFO: (Scraper: TikTok) Table raw data point extracted: 2020|_|2384
2024-09-11 02:16:09,796 - INFO: (Scraper: Instagram) Chart raw data point extracted: Q1 2023|_|2085
2024-09-11 02:16:09,824 - INFO: (Scraper: TikTok) Table raw data point extracted: 2021|_|3040
2024-09-11 02:16:09,837 - INFO: (Scraper: TikTok) Table raw data point extracted: 2022|_|3712
2024-09-11 02:16:09,860 - INFO: (Scraper: TikTok) Table raw data point extracted: 2023|_|4366
2024-09-11 02:16:09,916 - INFO: (Scraper: Instagram) Chart raw data point extracted: Q2 2023|_|2115
2024-09-11 02:16:09,936 - INFO: (Scraper: TikTok) Table raw data point extracted: |_|
2024-09-11 02:16:09,948 - INFO: (Scraper: TikTok) Table raw data point extracted: 13-17|_|22%
2024-09-11 02:16:09,966 - INFO: (Scraper: TikTok) Table raw data point extracted: 18-24|_|29.8%
2024-09-11 02:16:10,008 - INFO: (Scraper: TikTok) Table raw data point extracted: 25-34|_|23.1%
2024-09-11 02:16:10,012 - INFO: (Scraper: Instagram) Chart raw data point extracted: Q3 2023|_|2145
2024-09-11 02:16:10,041 - INFO: (Scraper: TikTok) Table raw data point extracted: 35-44|_|12.5%
2024-09-11 02:16:10,066 - INFO: (Scraper: TikTok) Table raw data point extracted: 45-54|_|7.3%
2024-09-11 02:16:10,101 - INFO: (Scraper: TikTok) Table raw data point extracted: 55+|_|5.3%
2024-09-11 02:16:10,132 - INFO: (Scraper: Instagram) Chart raw data point extracted: Q4 2023|_|2180
2024-09-11 02:16:10,188 - INFO: (Scraper: TikTok) Table raw data point extracted: |_|
2024-09-11 02:16:10,214 - INFO: (Scraper: TikTok) Table raw data point extracted: Male|_|52%
2024-09-11 02:16:10,242 - INFO: (Scraper: TikTok) Table raw data point extracted: Female|_|48%
2024-09-11 02:16:10,257 - INFO: (Scraper: Instagram) Chart raw data point extracted: Q1 2024|_|2231
2024-09-11 02:16:10,258 - INFO: (Scraper: Instagram) Barchart (Instagram monthly app users - Infogram) webscraping ended
2024-09-11 02:16:10,273 - INFO: (Scraper: TikTok) Barchart (TikTok quarterly revenues - Infogram) webscraping started
2024-09-11 02:16:10,284 - INFO: (Scraper: Instagram) Barchart (Social App Users - Infogram) webscraping started
2024-09-11 02:16:10,284 - INFO: (Scraper: Instagram) Barchart (Social App Users - Infogram) webscraping ended
2024-09-11 02:16:10,285 - INFO: (Scraper: Instagram) All barchart webscraping ended
2024-09-11 02:16:10,297 - INFO: (Scraper: Instagram) Page disposed
2024-09-11 02:16:10,399 - INFO: (Scraper: TikTok) Chart raw data point extracted: Q1 2017|_|11
2024-09-11 02:16:10,455 - INFO: (Scraper: TikTok) Chart raw data point extracted: Q2 2017|_|13
2024-09-11 02:16:10,509 - INFO: (Scraper: TikTok) Chart raw data point extracted: Q3 2017|_|15
2024-09-11 02:16:10,553 - INFO: (Scraper: TikTok) Chart raw data point extracted: Q4 2017|_|23
2024-09-11 02:16:10,608 - INFO: (Scraper: TikTok) Chart raw data point extracted: Q1 2018|_|29
2024-09-11 02:16:10,653 - INFO: (Scraper: TikTok) Chart raw data point extracted: Q2 2018|_|29
2024-09-11 02:16:10,705 - INFO: (Scraper: TikTok) Chart raw data point extracted: Q3 2018|_|43
2024-09-11 02:16:10,754 - INFO: (Scraper: TikTok) Chart raw data point extracted: Q4 2018|_|49
2024-09-11 02:16:10,803 - INFO: (Scraper: TikTok) Chart raw data point extracted: Q1 2019|_|56
2024-09-11 02:16:10,852 - INFO: (Scraper: TikTok) Chart raw data point extracted: Q2 2019|_|65
2024-09-11 02:16:10,903 - INFO: (Scraper: TikTok) Chart raw data point extracted: Q3 2019|_|82
2024-09-11 02:16:10,964 - INFO: (Scraper: TikTok) Chart raw data point extracted: Q4 2019|_|167
2024-09-11 02:16:11,035 - INFO: (Scraper: TikTok) Chart raw data point extracted: Q1 2020|_|347
2024-09-11 02:16:11,085 - INFO: (Scraper: TikTok) Chart raw data point extracted: Q2 2020|_|638
2024-09-11 02:16:11,137 - INFO: (Scraper: TikTok) Chart raw data point extracted: Q3 2020|_|778
2024-09-11 02:16:11,193 - INFO: (Scraper: TikTok) Chart raw data point extracted: Q4 2020|_|883
2024-09-11 02:16:11,237 - INFO: (Scraper: TikTok) Chart raw data point extracted: Q1 2021|_|829
2024-09-11 02:16:11,286 - INFO: (Scraper: TikTok) Chart raw data point extracted: Q2 2021|_|1114
2024-09-11 02:16:11,335 - INFO: (Scraper: TikTok) Chart raw data point extracted: Q3 2021|_|1239
2024-09-11 02:16:11,386 - INFO: (Scraper: TikTok) Chart raw data point extracted: Q4 2021|_|1628
2024-09-11 02:16:11,439 - INFO: (Scraper: TikTok) Chart raw data point extracted: Q1 2022|_|1736
2024-09-11 02:16:11,486 - INFO: (Scraper: TikTok) Chart raw data point extracted: Q2 2022|_|2187
2024-09-11 02:16:11,535 - INFO: (Scraper: TikTok) Chart raw data point extracted: Q3 2022|_|2648
2024-09-11 02:16:11,586 - INFO: (Scraper: TikTok) Chart raw data point extracted: Q4 2022|_|3050
2024-09-11 02:16:11,636 - INFO: (Scraper: TikTok) Chart raw data point extracted: Q1 2023|_|3267
2024-09-11 02:16:11,684 - INFO: (Scraper: TikTok) Chart raw data point extracted: Q2 2023|_|3667
2024-09-11 02:16:11,743 - INFO: (Scraper: TikTok) Chart raw data point extracted: Q3 2023|_|4241
2024-09-11 02:16:11,850 - INFO: (Scraper: TikTok) Chart raw data point extracted: Q4 2023|_|4997
2024-09-11 02:16:11,919 - INFO: (Scraper: TikTok) Chart raw data point extracted: Q1 2024|_|4583
2024-09-11 02:16:11,919 - INFO: (Scraper: TikTok) Barchart (TikTok quarterly revenues - Infogram) webscraping ended
2024-09-11 02:16:11,971 - INFO: (Scraper: TikTok) Barchart (TikTok MAUs - Infogram) webscraping started
2024-09-11 02:16:12,103 - INFO: (Scraper: TikTok) Chart raw data point extracted: Q1 2018|_|85
2024-09-11 02:16:12,156 - INFO: (Scraper: TikTok) Chart raw data point extracted: Q2 2018|_|133
2024-09-11 02:16:12,202 - INFO: (Scraper: TikTok) Chart raw data point extracted: Q3 2018|_|198
2024-09-11 02:16:12,254 - INFO: (Scraper: TikTok) Chart raw data point extracted: Q4 2018|_|271
2024-09-11 02:16:12,304 - INFO: (Scraper: TikTok) Chart raw data point extracted: Q1 2019|_|333
2024-09-11 02:16:12,352 - INFO: (Scraper: TikTok) Chart raw data point extracted: Q2 2019|_|381
2024-09-11 02:16:12,401 - INFO: (Scraper: TikTok) Chart raw data point extracted: Q3 2019|_|439
2024-09-11 02:16:12,453 - INFO: (Scraper: TikTok) Chart raw data point extracted: Q4 2019|_|508
2024-09-11 02:16:12,501 - INFO: (Scraper: TikTok) Chart raw data point extracted: Q1 2020|_|583
2024-09-11 02:16:12,552 - INFO: (Scraper: TikTok) Chart raw data point extracted: Q2 2020|_|700
2024-09-11 02:16:12,601 - INFO: (Scraper: TikTok) Chart raw data point extracted: Q3 2020|_|667
2024-09-11 02:16:12,650 - INFO: (Scraper: TikTok) Chart raw data point extracted: Q4 2020|_|756
2024-09-11 02:16:12,702 - INFO: (Scraper: TikTok) Chart raw data point extracted: Q1 2021|_|812
2024-09-11 02:16:12,750 - INFO: (Scraper: TikTok) Chart raw data point extracted: Q2 2021|_|902
2024-09-11 02:16:12,803 - INFO: (Scraper: TikTok) Chart raw data point extracted: Q3 2021|_|1015
2024-09-11 02:16:12,855 - INFO: (Scraper: TikTok) Chart raw data point extracted: Q4 2021|_|1112
2024-09-11 02:16:12,909 - INFO: (Scraper: TikTok) Chart raw data point extracted: Q1 2022|_|1239
2024-09-11 02:16:12,952 - INFO: (Scraper: TikTok) Chart raw data point extracted: Q2 2022|_|1366
2024-09-11 02:16:13,005 - INFO: (Scraper: TikTok) Chart raw data point extracted: Q3 2022|_|1435
2024-09-11 02:16:13,052 - INFO: (Scraper: TikTok) Chart raw data point extracted: Q4 2022|_|1501
2024-09-11 02:16:13,104 - INFO: (Scraper: TikTok) Chart raw data point extracted: Q1 2023|_|1549
2024-09-11 02:16:13,153 - INFO: (Scraper: TikTok) Chart raw data point extracted: Q2 2023|_|1587
2024-09-11 02:16:13,211 - INFO: (Scraper: TikTok) Chart raw data point extracted: Q3 2023|_|1616
2024-09-11 02:16:13,285 - INFO: (Scraper: TikTok) Chart raw data point extracted: Q4 2023|_|1635
2024-09-11 02:16:13,336 - INFO: (Scraper: TikTok) Chart raw data point extracted: Q1 2024|_|1666
2024-09-11 02:16:13,336 - INFO: (Scraper: TikTok) Barchart (TikTok MAUs - Infogram) webscraping ended
2024-09-11 02:16:13,352 - INFO: (Scraper: TikTok) Barchart (Tiktok downloads quarterly - Infogram) webscraping started
2024-09-11 02:16:13,448 - INFO: (Scraper: TikTok) Chart raw data point extracted: Q2 2016|_|21
2024-09-11 02:16:13,508 - INFO: (Scraper: TikTok) Chart raw data point extracted: Q3 2016|_|22
2024-09-11 02:16:13,553 - INFO: (Scraper: TikTok) Chart raw data point extracted: Q4 2016|_|25
2024-09-11 02:16:13,615 - INFO: (Scraper: TikTok) Chart raw data point extracted: Q1 2017|_|23
2024-09-11 02:16:13,693 - INFO: (Scraper: TikTok) Chart raw data point extracted: Q2 2017|_|28
2024-09-11 02:16:13,773 - INFO: (Scraper: TikTok) Chart raw data point extracted: Q3 2017|_|34
2024-09-11 02:16:13,819 - INFO: (Scraper: TikTok) Chart raw data point extracted: Q4 2017|_|47
2024-09-11 02:16:13,867 - INFO: (Scraper: TikTok) Chart raw data point extracted: Q1 2018|_|111
2024-09-11 02:16:13,919 - INFO: (Scraper: TikTok) Chart raw data point extracted: Q2 2018|_|136
2024-09-11 02:16:13,968 - INFO: (Scraper: TikTok) Chart raw data point extracted: Q3 2018|_|164
2024-09-11 02:16:14,019 - INFO: (Scraper: TikTok) Chart raw data point extracted: Q4 2018|_|186
2024-09-11 02:16:14,068 - INFO: (Scraper: TikTok) Chart raw data point extracted: Q1 2019|_|183
2024-09-11 02:16:14,124 - INFO: (Scraper: TikTok) Chart raw data point extracted: Q2 2019|_|153
2024-09-11 02:16:14,202 - INFO: (Scraper: TikTok) Chart raw data point extracted: Q3 2019|_|173
2024-09-11 02:16:14,255 - INFO: (Scraper: TikTok) Chart raw data point extracted: Q4 2019|_|218
2024-09-11 02:16:14,324 - INFO: (Scraper: TikTok) Chart raw data point extracted: Q1 2020|_|286
2024-09-11 02:16:14,367 - INFO: (Scraper: TikTok) Chart raw data point extracted: Q2 2020|_|270
2024-09-11 02:16:14,418 - INFO: (Scraper: TikTok) Chart raw data point extracted: Q3 2020|_|157
2024-09-11 02:16:14,481 - INFO: (Scraper: TikTok) Chart raw data point extracted: Q4 2020|_|137
2024-09-11 02:16:14,534 - INFO: (Scraper: TikTok) Chart raw data point extracted: Q1 2021|_|155
2024-09-11 02:16:14,587 - INFO: (Scraper: TikTok) Chart raw data point extracted: Q2 2021|_|183
2024-09-11 02:16:14,635 - INFO: (Scraper: TikTok) Chart raw data point extracted: Q3 2021|_|164
2024-09-11 02:16:14,684 - INFO: (Scraper: TikTok) Chart raw data point extracted: Q4 2021|_|154
2024-09-11 02:16:14,734 - INFO: (Scraper: TikTok) Chart raw data point extracted: Q1 2022|_|170
2024-09-11 02:16:14,785 - INFO: (Scraper: TikTok) Chart raw data point extracted: Q2 2022|_|167
2024-09-11 02:16:14,835 - INFO: (Scraper: TikTok) Chart raw data point extracted: Q3 2022|_|178
2024-09-11 02:16:14,883 - INFO: (Scraper: TikTok) Chart raw data point extracted: Q4 2022|_|157
2024-09-11 02:16:14,956 - INFO: (Scraper: TikTok) Chart raw data point extracted: Q1 2023|_|176
2024-09-11 02:16:15,062 - INFO: (Scraper: TikTok) Chart raw data point extracted: Q2 2023|_|155
2024-09-11 02:16:15,119 - INFO: (Scraper: TikTok) Chart raw data point extracted: Q3 2023|_|145
2024-09-11 02:16:15,171 - INFO: (Scraper: TikTok) Chart raw data point extracted: Q4 2023|_|178
2024-09-11 02:16:15,223 - INFO: (Scraper: TikTok) Chart raw data point extracted: Q1 2024|_|180
2024-09-11 02:16:15,223 - INFO: (Scraper: TikTok) Barchart (Tiktok downloads quarterly - Infogram) webscraping ended
2024-09-11 02:16:15,253 - INFO: (Scraper: TikTok) Barchart (Social App Users - Infogram) webscraping started
2024-09-11 02:16:15,253 - INFO: (Scraper: TikTok) Barchart (Social App Users - Infogram) webscraping ended
2024-09-11 02:16:15,253 - INFO: (Scraper: TikTok) All barchart webscraping ended
2024-09-11 02:16:15,264 - INFO: (Scraper: TikTok) Page disposed
2024-09-11 02:16:15,369 - INFO: (Database: raw_init_data_v20240910-231504-GMT3.db) Database will be created from scratch to connect
2024-09-11 02:16:15,369 - INFO: (Database: raw_init_data_v20240910-231504-GMT3.db) Connection established 
2024-09-11 02:16:15,369 - INFO: (Database: raw_init_data_v20240910-231504-GMT3.db) Attempting to commit all target data
2024-09-11 02:16:15,369 - INFO: (Database: raw_init_data_v20240910-231504-GMT3.db) Attempting to commit all target data
2024-09-11 02:16:15,467 - INFO: (Database: raw_init_data_v20240910-231504-GMT3.db) Committed datapoint: |_|
2024-09-11 02:16:15,467 - INFO: (Database: raw_init_data_v20240910-231504-GMT3.db) Committed datapoint: |_|
2024-09-11 02:16:15,495 - INFO: (Database: raw_init_data_v20240910-231504-GMT3.db) Committed datapoint: Launch date|_|6 October 2010
2024-09-11 02:16:15,495 - INFO: (Database: raw_init_data_v20240910-231504-GMT3.db) Committed datapoint: Launch date|_|September 2016 (China); September 2017 (International)
2024-09-11 02:16:15,520 - INFO: (Database: raw_init_data_v20240910-231504-GMT3.db) Committed datapoint: HQ|_|Menlo Park, California
2024-09-11 02:16:15,520 - INFO: (Database: raw_init_data_v20240910-231504-GMT3.db) Committed datapoint: HQ|_|Beijing, China
2024-09-11 02:16:15,554 - INFO: (Database: raw_init_data_v20240910-231504-GMT3.db) Committed datapoint: People|_|Adam Mosseri (CEO), Mark Zuckerberg (Meta CEO), Kevin Systrom (co-founder), Mike Krieger (co-founder)
2024-09-11 02:16:15,554 - INFO: (Database: raw_init_data_v20240910-231504-GMT3.db) Committed datapoint: People|_|Liang Rubo (ByteDance CEO), Shouzi Chew (TikTok CEO), Vanessa Pappas (TikTok COO)
2024-09-11 02:16:15,578 - INFO: (Database: raw_init_data_v20240910-231504-GMT3.db) Committed datapoint: Business type|_|Subsidiary
2024-09-11 02:16:15,578 - INFO: (Database: raw_init_data_v20240910-231504-GMT3.db) Committed datapoint: Business type|_|Private, subsidiary
2024-09-11 02:16:15,598 - INFO: (Database: raw_init_data_v20240910-231504-GMT3.db) Committed datapoint: Owner|_|Meta Platforms
2024-09-11 02:16:15,598 - INFO: (Database: raw_init_data_v20240910-231504-GMT3.db) Committed datapoint: Owner|_|ByteDance
2024-09-11 02:16:15,617 - INFO: (Database: raw_init_data_v20240910-231504-GMT3.db) Committed datapoint: Industry|_|Social media
2024-09-11 02:16:15,617 - INFO: (Database: raw_init_data_v20240910-231504-GMT3.db) Committed datapoint: Industry|_|Social networking
2024-09-11 02:16:15,637 - INFO: (Database: raw_init_data_v20240910-231504-GMT3.db) All datapoints have been committed
2024-09-11 02:16:15,638 - INFO: (Database: raw_init_data_v20240910-231504-GMT3.db) All datapoints have been committed
2024-09-11 02:16:15,731 - INFO: (Database: raw_init_data_v20240910-231504-GMT3.db) Committed datapoint: |_|
2024-09-11 02:16:15,731 - INFO: (Database: raw_init_data_v20240910-231504-GMT3.db) Committed datapoint: |_|
2024-09-11 02:16:15,752 - INFO: (Database: raw_init_data_v20240910-231504-GMT3.db) Committed datapoint: 2015|_|0.5
2024-09-11 02:16:15,752 - INFO: (Database: raw_init_data_v20240910-231504-GMT3.db) Committed datapoint: 2018|_|0.15
2024-09-11 02:16:15,773 - INFO: (Database: raw_init_data_v20240910-231504-GMT3.db) Committed datapoint: 2016|_|1.8
2024-09-11 02:16:15,773 - INFO: (Database: raw_init_data_v20240910-231504-GMT3.db) Committed datapoint: 2019|_|0.35
2024-09-11 02:16:15,794 - INFO: (Database: raw_init_data_v20240910-231504-GMT3.db) Committed datapoint: 2017|_|4.1
2024-09-11 02:16:15,795 - INFO: (Database: raw_init_data_v20240910-231504-GMT3.db) Committed datapoint: 2020|_|2.6
2024-09-11 02:16:15,823 - INFO: (Database: raw_init_data_v20240910-231504-GMT3.db) Committed datapoint: 2018|_|10.3
2024-09-11 02:16:15,823 - INFO: (Database: raw_init_data_v20240910-231504-GMT3.db) Committed datapoint: 2021|_|4.8
2024-09-11 02:16:15,855 - INFO: (Database: raw_init_data_v20240910-231504-GMT3.db) Committed datapoint: 2019|_|16.2
2024-09-11 02:16:15,855 - INFO: (Database: raw_init_data_v20240910-231504-GMT3.db) Committed datapoint: 2022|_|9.6
2024-09-11 02:16:15,887 - INFO: (Database: raw_init_data_v20240910-231504-GMT3.db) Committed datapoint: 2020|_|21.8
2024-09-11 02:16:15,887 - INFO: (Database: raw_init_data_v20240910-231504-GMT3.db) Committed datapoint: 2023|_|16.1
2024-09-11 02:16:15,919 - INFO: (Database: raw_init_data_v20240910-231504-GMT3.db) All datapoints have been committed
2024-09-11 02:16:15,920 - INFO: (Database: raw_init_data_v20240910-231504-GMT3.db) Committed datapoint: 2021|_|32
2024-09-11 02:16:15,951 - INFO: (Database: raw_init_data_v20240910-231504-GMT3.db) Committed datapoint: 2022|_|36.9
2024-09-11 02:16:15,987 - INFO: (Database: raw_init_data_v20240910-231504-GMT3.db) Committed datapoint: |_|
2024-09-11 02:16:15,987 - INFO: (Database: raw_init_data_v20240910-231504-GMT3.db) Committed datapoint: 2023|_|49.8
2024-09-11 02:16:16,008 - INFO: (Database: raw_init_data_v20240910-231504-GMT3.db) All datapoints have been committed
2024-09-11 02:16:16,009 - INFO: (Database: raw_init_data_v20240910-231504-GMT3.db) Committed datapoint: 2018|_|133
2024-09-11 02:16:16,030 - INFO: (Database: raw_init_data_v20240910-231504-GMT3.db) Committed datapoint: 2019|_|381
2024-09-11 02:16:16,050 - INFO: (Database: raw_init_data_v20240910-231504-GMT3.db) Committed datapoint: |_|
2024-09-11 02:16:16,050 - INFO: (Database: raw_init_data_v20240910-231504-GMT3.db) Committed datapoint: 2020|_|700
2024-09-11 02:16:16,069 - INFO: (Database: raw_init_data_v20240910-231504-GMT3.db) Committed datapoint: 2015|_|3.4
2024-09-11 02:16:16,069 - INFO: (Database: raw_init_data_v20240910-231504-GMT3.db) Committed datapoint: 2021|_|902
2024-09-11 02:16:16,090 - INFO: (Database: raw_init_data_v20240910-231504-GMT3.db) Committed datapoint: 2016|_|5.6
2024-09-11 02:16:16,091 - INFO: (Database: raw_init_data_v20240910-231504-GMT3.db) Committed datapoint: 2022|_|1366
2024-09-11 02:16:16,114 - INFO: (Database: raw_init_data_v20240910-231504-GMT3.db) Committed datapoint: 2017|_|8.5
2024-09-11 02:16:16,114 - INFO: (Database: raw_init_data_v20240910-231504-GMT3.db) Committed datapoint: 2023|_|1587
2024-09-11 02:16:16,141 - INFO: (Database: raw_init_data_v20240910-231504-GMT3.db) All datapoints have been committed
2024-09-11 02:16:16,142 - INFO: (Database: raw_init_data_v20240910-231504-GMT3.db) Committed datapoint: 2018|_|15.6
2024-09-11 02:16:16,176 - INFO: (Database: raw_init_data_v20240910-231504-GMT3.db) Committed datapoint: 2019|_|22.9
2024-09-11 02:16:16,194 - INFO: (Database: raw_init_data_v20240910-231504-GMT3.db) Committed datapoint: |_||_||_||_||_|
2024-09-11 02:16:16,194 - INFO: (Database: raw_init_data_v20240910-231504-GMT3.db) Committed datapoint: 2020|_|25.3
2024-09-11 02:16:16,225 - INFO: (Database: raw_init_data_v20240910-231504-GMT3.db) Committed datapoint: 2018|_|88|_|12|_|8|_|5|_|6
2024-09-11 02:16:16,226 - INFO: (Database: raw_init_data_v20240910-231504-GMT3.db) Committed datapoint: 2021|_|27.1
2024-09-11 02:16:16,253 - INFO: (Database: raw_init_data_v20240910-231504-GMT3.db) Committed datapoint: 2019|_|185|_|49|_|59|_|33|_|28
2024-09-11 02:16:16,253 - INFO: (Database: raw_init_data_v20240910-231504-GMT3.db) Committed datapoint: 2022|_|31.6
2024-09-11 02:16:16,274 - INFO: (Database: raw_init_data_v20240910-231504-GMT3.db) Committed datapoint: 2020|_|300|_|82|_|104|_|61|_|55
2024-09-11 02:16:16,274 - INFO: (Database: raw_init_data_v20240910-231504-GMT3.db) Committed datapoint: 2023|_|36.9
2024-09-11 02:16:16,291 - INFO: (Database: raw_init_data_v20240910-231504-GMT3.db) All datapoints have been committed
2024-09-11 02:16:16,292 - INFO: (Database: raw_init_data_v20240910-231504-GMT3.db) Committed datapoint: 2021|_|404|_|110|_|138|_|97|_|82
2024-09-11 02:16:16,323 - INFO: (Database: raw_init_data_v20240910-231504-GMT3.db) Committed datapoint: 2022|_|590|_|169|_|199|_|168|_|129
2024-09-11 02:16:16,343 - INFO: (Database: raw_init_data_v20240910-231504-GMT3.db) Committed datapoint: |_|
2024-09-11 02:16:16,343 - INFO: (Database: raw_init_data_v20240910-231504-GMT3.db) Committed datapoint: 2023|_|682|_|192|_|238|_|207|_|171
2024-09-11 02:16:16,363 - INFO: (Database: raw_init_data_v20240910-231504-GMT3.db) All datapoints have been committed
2024-09-11 02:16:16,363 - INFO: (Database: raw_init_data_v20240910-231504-GMT3.db) Committed datapoint: 2013|_|110
2024-09-11 02:16:16,391 - INFO: (Database: raw_init_data_v20240910-231504-GMT3.db) Committed datapoint: 2014|_|200
2024-09-11 02:16:16,414 - INFO: (Database: raw_init_data_v20240910-231504-GMT3.db) Committed datapoint: |_|
2024-09-11 02:16:16,415 - INFO: (Database: raw_init_data_v20240910-231504-GMT3.db) Committed datapoint: 2015|_|370
2024-09-11 02:16:16,443 - INFO: (Database: raw_init_data_v20240910-231504-GMT3.db) Committed datapoint: 2017|_|33
2024-09-11 02:16:16,443 - INFO: (Database: raw_init_data_v20240910-231504-GMT3.db) Committed datapoint: 2016|_|500
2024-09-11 02:16:16,492 - INFO: (Database: raw_init_data_v20240910-231504-GMT3.db) Committed datapoint: 2018|_|150
2024-09-11 02:16:16,492 - INFO: (Database: raw_init_data_v20240910-231504-GMT3.db) Committed datapoint: 2017|_|700
2024-09-11 02:16:16,533 - INFO: (Database: raw_init_data_v20240910-231504-GMT3.db) Committed datapoint: 2019|_|400
2024-09-11 02:16:16,533 - INFO: (Database: raw_init_data_v20240910-231504-GMT3.db) Committed datapoint: 2018|_|1000
2024-09-11 02:16:16,552 - INFO: (Database: raw_init_data_v20240910-231504-GMT3.db) Committed datapoint: 2020|_|600
2024-09-11 02:16:16,552 - INFO: (Database: raw_init_data_v20240910-231504-GMT3.db) Committed datapoint: 2019|_|1210
2024-09-11 02:16:16,577 - INFO: (Database: raw_init_data_v20240910-231504-GMT3.db) Committed datapoint: 2021|_|710
2024-09-11 02:16:16,577 - INFO: (Database: raw_init_data_v20240910-231504-GMT3.db) Committed datapoint: 2020|_|1435
2024-09-11 02:16:16,599 - INFO: (Database: raw_init_data_v20240910-231504-GMT3.db) Committed datapoint: 2022|_|735
2024-09-11 02:16:16,599 - INFO: (Database: raw_init_data_v20240910-231504-GMT3.db) Committed datapoint: 2021|_|1690
2024-09-11 02:16:16,623 - INFO: (Database: raw_init_data_v20240910-231504-GMT3.db) Committed datapoint: 2023|_|750
2024-09-11 02:16:16,623 - INFO: (Database: raw_init_data_v20240910-231504-GMT3.db) Committed datapoint: 2022|_|1960
2024-09-11 02:16:16,646 - INFO: (Database: raw_init_data_v20240910-231504-GMT3.db) All datapoints have been committed
2024-09-11 02:16:16,680 - INFO: (Database: raw_init_data_v20240910-231504-GMT3.db) Committed datapoint: 2023|_|2115
2024-09-11 02:16:16,707 - INFO: (Database: raw_init_data_v20240910-231504-GMT3.db) All datapoints have been committed
2024-09-11 02:16:16,774 - INFO: (Database: raw_init_data_v20240910-231504-GMT3.db) Committed datapoint: |_|
2024-09-11 02:16:16,852 - INFO: (Database: raw_init_data_v20240910-231504-GMT3.db) Committed datapoint: 2017|_|150
2024-09-11 02:16:16,852 - INFO: (Database: raw_init_data_v20240910-231504-GMT3.db) Committed datapoint: |_|
2024-09-11 02:16:16,875 - INFO: (Database: raw_init_data_v20240910-231504-GMT3.db) Committed datapoint: 2018|_|807
2024-09-11 02:16:16,875 - INFO: (Database: raw_init_data_v20240910-231504-GMT3.db) Committed datapoint: Asia-Pacific|_|893
2024-09-11 02:16:16,891 - INFO: (Database: raw_init_data_v20240910-231504-GMT3.db) Committed datapoint: 2019|_|1534
2024-09-11 02:16:16,891 - INFO: (Database: raw_init_data_v20240910-231504-GMT3.db) Committed datapoint: Europe|_|338
2024-09-11 02:16:16,920 - INFO: (Database: raw_init_data_v20240910-231504-GMT3.db) Committed datapoint: 2020|_|2384
2024-09-11 02:16:16,920 - INFO: (Database: raw_init_data_v20240910-231504-GMT3.db) Committed datapoint: Latin America|_|299
2024-09-11 02:16:16,943 - INFO: (Database: raw_init_data_v20240910-231504-GMT3.db) Committed datapoint: 2021|_|3040
2024-09-11 02:16:16,943 - INFO: (Database: raw_init_data_v20240910-231504-GMT3.db) Committed datapoint: North America|_|224
2024-09-11 02:16:16,961 - INFO: (Database: raw_init_data_v20240910-231504-GMT3.db) Committed datapoint: 2022|_|3712
2024-09-11 02:16:16,961 - INFO: (Database: raw_init_data_v20240910-231504-GMT3.db) Committed datapoint: Middle East and North Africa|_|156
2024-09-11 02:16:16,991 - INFO: (Database: raw_init_data_v20240910-231504-GMT3.db) Committed datapoint: 2023|_|4366
2024-09-11 02:16:16,991 - INFO: (Database: raw_init_data_v20240910-231504-GMT3.db) Committed datapoint: Sub-Saharan Africa|_|86
2024-09-11 02:16:17,007 - INFO: (Database: raw_init_data_v20240910-231504-GMT3.db) All datapoints have been committed
2024-09-11 02:16:17,007 - INFO: (Database: raw_init_data_v20240910-231504-GMT3.db) All datapoints have been committed
2024-09-11 02:16:17,090 - INFO: (Database: raw_init_data_v20240910-231504-GMT3.db) Committed datapoint: |_|
2024-09-11 02:16:17,090 - INFO: (Database: raw_init_data_v20240910-231504-GMT3.db) Committed datapoint: |_|
2024-09-11 02:16:17,116 - INFO: (Database: raw_init_data_v20240910-231504-GMT3.db) Committed datapoint: 13-17|_|22%
2024-09-11 02:16:17,116 - INFO: (Database: raw_init_data_v20240910-231504-GMT3.db) Committed datapoint: |_|34.1
2024-09-11 02:16:17,143 - INFO: (Database: raw_init_data_v20240910-231504-GMT3.db) Committed datapoint: 18-24|_|29.8%
2024-09-11 02:16:17,144 - INFO: (Database: raw_init_data_v20240910-231504-GMT3.db) Committed datapoint: |_|32.2
2024-09-11 02:16:17,166 - INFO: (Database: raw_init_data_v20240910-231504-GMT3.db) Committed datapoint: 25-34|_|23.1%
2024-09-11 02:16:17,167 - INFO: (Database: raw_init_data_v20240910-231504-GMT3.db) Committed datapoint: |_|17
2024-09-11 02:16:17,186 - INFO: (Database: raw_init_data_v20240910-231504-GMT3.db) Committed datapoint: 35-44|_|12.5%
2024-09-11 02:16:17,186 - INFO: (Database: raw_init_data_v20240910-231504-GMT3.db) Committed datapoint: |_|9.5
2024-09-11 02:16:17,199 - INFO: (Database: raw_init_data_v20240910-231504-GMT3.db) Committed datapoint: 45-54|_|7.3%
2024-09-11 02:16:17,199 - INFO: (Database: raw_init_data_v20240910-231504-GMT3.db) Committed datapoint: |_|4.3
2024-09-11 02:16:17,215 - INFO: (Database: raw_init_data_v20240910-231504-GMT3.db) Committed datapoint: 55+|_|5.3%
2024-09-11 02:16:17,215 - INFO: (Database: raw_init_data_v20240910-231504-GMT3.db) Committed datapoint: |_|2.9
2024-09-11 02:16:17,238 - INFO: (Database: raw_init_data_v20240910-231504-GMT3.db) All datapoints have been committed
2024-09-11 02:16:17,238 - INFO: (Database: raw_init_data_v20240910-231504-GMT3.db) All datapoints have been committed
2024-09-11 02:16:17,307 - INFO: (Database: raw_init_data_v20240910-231504-GMT3.db) Committed datapoint: |_|
2024-09-11 02:16:17,307 - INFO: (Database: raw_init_data_v20240910-231504-GMT3.db) Committed datapoint: |_|
2024-09-11 02:16:17,327 - INFO: (Database: raw_init_data_v20240910-231504-GMT3.db) Committed datapoint: Male|_|52%
2024-09-11 02:16:17,327 - INFO: (Database: raw_init_data_v20240910-231504-GMT3.db) Committed datapoint: Male|_|50.7
2024-09-11 02:16:17,346 - INFO: (Database: raw_init_data_v20240910-231504-GMT3.db) Committed datapoint: Female|_|48%
2024-09-11 02:16:17,346 - INFO: (Database: raw_init_data_v20240910-231504-GMT3.db) Committed datapoint: Female|_|49.3
2024-09-11 02:16:17,375 - INFO: (Database: raw_init_data_v20240910-231504-GMT3.db) All datapoints have been committed
2024-09-11 02:16:17,375 - INFO: (Database: raw_init_data_v20240910-231504-GMT3.db) All expected attempted tables from raw_tk datapoints commit ended
2024-09-11 02:16:17,375 - INFO: (Database: raw_init_data_v20240910-231504-GMT3.db) All datapoints have been committed
2024-09-11 02:16:17,375 - INFO: (Database: raw_init_data_v20240910-231504-GMT3.db) All expected attempted tables from raw_ig datapoints commit ended
2024-09-11 02:16:17,463 - INFO: (Database: raw_init_data_v20240910-231504-GMT3.db) Committed datapoint: TikTok quarterly revenues - Infogram
2024-09-11 02:16:17,463 - INFO: (Database: raw_init_data_v20240910-231504-GMT3.db) Committed datapoint: Instagram revenues - Infogram
2024-09-11 02:16:17,483 - INFO: (Database: raw_init_data_v20240910-231504-GMT3.db) Committed datapoint: Q1 2017|_|11
2024-09-11 02:16:17,483 - INFO: (Database: raw_init_data_v20240910-231504-GMT3.db) Committed datapoint: Q1 2015|_|111
2024-09-11 02:16:17,503 - INFO: (Database: raw_init_data_v20240910-231504-GMT3.db) Committed datapoint: Q2 2017|_|13
2024-09-11 02:16:17,503 - INFO: (Database: raw_init_data_v20240910-231504-GMT3.db) Committed datapoint: Q2 2015|_|139
2024-09-11 02:16:17,521 - INFO: (Database: raw_init_data_v20240910-231504-GMT3.db) Committed datapoint: Q3 2017|_|15
2024-09-11 02:16:17,522 - INFO: (Database: raw_init_data_v20240910-231504-GMT3.db) Committed datapoint: Q3 2015|_|141
2024-09-11 02:16:17,543 - INFO: (Database: raw_init_data_v20240910-231504-GMT3.db) Committed datapoint: Q4 2017|_|23
2024-09-11 02:16:17,544 - INFO: (Database: raw_init_data_v20240910-231504-GMT3.db) Committed datapoint: Q4 2015|_|201
2024-09-11 02:16:17,564 - INFO: (Database: raw_init_data_v20240910-231504-GMT3.db) Committed datapoint: Q1 2018|_|29
2024-09-11 02:16:17,564 - INFO: (Database: raw_init_data_v20240910-231504-GMT3.db) Committed datapoint: Q1 2016|_|261
2024-09-11 02:16:17,593 - INFO: (Database: raw_init_data_v20240910-231504-GMT3.db) Committed datapoint: Q2 2018|_|29
2024-09-11 02:16:17,594 - INFO: (Database: raw_init_data_v20240910-231504-GMT3.db) Committed datapoint: Q2 2016|_|363
2024-09-11 02:16:17,612 - INFO: (Database: raw_init_data_v20240910-231504-GMT3.db) Committed datapoint: Q3 2018|_|43
2024-09-11 02:16:17,612 - INFO: (Database: raw_init_data_v20240910-231504-GMT3.db) Committed datapoint: Q3 2016|_|430
2024-09-11 02:16:17,631 - INFO: (Database: raw_init_data_v20240910-231504-GMT3.db) Committed datapoint: Q4 2018|_|49
2024-09-11 02:16:17,631 - INFO: (Database: raw_init_data_v20240910-231504-GMT3.db) Committed datapoint: Q4 2016|_|782
2024-09-11 02:16:17,661 - INFO: (Database: raw_init_data_v20240910-231504-GMT3.db) Committed datapoint: Q1 2019|_|56
2024-09-11 02:16:17,662 - INFO: (Database: raw_init_data_v20240910-231504-GMT3.db) Committed datapoint: Q1 2017|_|568
2024-09-11 02:16:17,691 - INFO: (Database: raw_init_data_v20240910-231504-GMT3.db) Committed datapoint: Q2 2019|_|65
2024-09-11 02:16:17,692 - INFO: (Database: raw_init_data_v20240910-231504-GMT3.db) Committed datapoint: Q2 2017|_|794
2024-09-11 02:16:17,715 - INFO: (Database: raw_init_data_v20240910-231504-GMT3.db) Committed datapoint: Q3 2019|_|82
2024-09-11 02:16:17,715 - INFO: (Database: raw_init_data_v20240910-231504-GMT3.db) Committed datapoint: Q3 2017|_|1080
2024-09-11 02:16:17,736 - INFO: (Database: raw_init_data_v20240910-231504-GMT3.db) Committed datapoint: Q4 2019|_|167
2024-09-11 02:16:17,736 - INFO: (Database: raw_init_data_v20240910-231504-GMT3.db) Committed datapoint: Q4 2017|_|1664
2024-09-11 02:16:17,758 - INFO: (Database: raw_init_data_v20240910-231504-GMT3.db) Committed datapoint: Q1 2020|_|347
2024-09-11 02:16:17,759 - INFO: (Database: raw_init_data_v20240910-231504-GMT3.db) Committed datapoint: Q1 2018|_|1693
2024-09-11 02:16:17,789 - INFO: (Database: raw_init_data_v20240910-231504-GMT3.db) Committed datapoint: Q2 2020|_|638
2024-09-11 02:16:17,790 - INFO: (Database: raw_init_data_v20240910-231504-GMT3.db) Committed datapoint: Q2 2018|_|2030
2024-09-11 02:16:17,813 - INFO: (Database: raw_init_data_v20240910-231504-GMT3.db) Committed datapoint: Q3 2020|_|778
2024-09-11 02:16:17,813 - INFO: (Database: raw_init_data_v20240910-231504-GMT3.db) Committed datapoint: Q3 2018|_|2609
2024-09-11 02:16:17,832 - INFO: (Database: raw_init_data_v20240910-231504-GMT3.db) Committed datapoint: Q4 2020|_|883
2024-09-11 02:16:17,833 - INFO: (Database: raw_init_data_v20240910-231504-GMT3.db) Committed datapoint: Q4 2018|_|4031
2024-09-11 02:16:17,854 - INFO: (Database: raw_init_data_v20240910-231504-GMT3.db) Committed datapoint: Q1 2021|_|829
2024-09-11 02:16:17,854 - INFO: (Database: raw_init_data_v20240910-231504-GMT3.db) Committed datapoint: Q1 2019|_|3255
2024-09-11 02:16:17,870 - INFO: (Database: raw_init_data_v20240910-231504-GMT3.db) Committed datapoint: Q2 2021|_|1114
2024-09-11 02:16:17,871 - INFO: (Database: raw_init_data_v20240910-231504-GMT3.db) Committed datapoint: Q2 2019|_|3887
2024-09-11 02:16:17,897 - INFO: (Database: raw_init_data_v20240910-231504-GMT3.db) Committed datapoint: Q3 2021|_|1239
2024-09-11 02:16:17,897 - INFO: (Database: raw_init_data_v20240910-231504-GMT3.db) Committed datapoint: Q3 2019|_|4066
2024-09-11 02:16:17,917 - INFO: (Database: raw_init_data_v20240910-231504-GMT3.db) Committed datapoint: Q4 2021|_|1628
2024-09-11 02:16:17,917 - INFO: (Database: raw_init_data_v20240910-231504-GMT3.db) Committed datapoint: Q4 2019|_|5016
2024-09-11 02:16:17,963 - INFO: (Database: raw_init_data_v20240910-231504-GMT3.db) Committed datapoint: Q1 2022|_|1736
2024-09-11 02:16:17,963 - INFO: (Database: raw_init_data_v20240910-231504-GMT3.db) Committed datapoint: Q1 2020|_|4475
2024-09-11 02:16:17,992 - INFO: (Database: raw_init_data_v20240910-231504-GMT3.db) Committed datapoint: Q2 2022|_|2187
2024-09-11 02:16:17,992 - INFO: (Database: raw_init_data_v20240910-231504-GMT3.db) Committed datapoint: Q2 2020|_|4888
2024-09-11 02:16:18,011 - INFO: (Database: raw_init_data_v20240910-231504-GMT3.db) Committed datapoint: Q3 2022|_|2648
2024-09-11 02:16:18,011 - INFO: (Database: raw_init_data_v20240910-231504-GMT3.db) Committed datapoint: Q3 2020|_|5399
2024-09-11 02:16:18,031 - INFO: (Database: raw_init_data_v20240910-231504-GMT3.db) Committed datapoint: Q4 2022|_|3050
2024-09-11 02:16:18,031 - INFO: (Database: raw_init_data_v20240910-231504-GMT3.db) Committed datapoint: Q4 2020|_|7075
2024-09-11 02:16:18,050 - INFO: (Database: raw_init_data_v20240910-231504-GMT3.db) Committed datapoint: Q1 2023|_|3267
2024-09-11 02:16:18,050 - INFO: (Database: raw_init_data_v20240910-231504-GMT3.db) Committed datapoint: Q1 2021|_|6830
2024-09-11 02:16:18,068 - INFO: (Database: raw_init_data_v20240910-231504-GMT3.db) Committed datapoint: Q2 2023|_|3667
2024-09-11 02:16:18,068 - INFO: (Database: raw_init_data_v20240910-231504-GMT3.db) Committed datapoint: Q2 2021|_|7792
2024-09-11 02:16:18,088 - INFO: (Database: raw_init_data_v20240910-231504-GMT3.db) Committed datapoint: Q3 2023|_|4241
2024-09-11 02:16:18,088 - INFO: (Database: raw_init_data_v20240910-231504-GMT3.db) Committed datapoint: Q3 2021|_|7919
2024-09-11 02:16:18,104 - INFO: (Database: raw_init_data_v20240910-231504-GMT3.db) Committed datapoint: Q4 2023|_|4997
2024-09-11 02:16:18,104 - INFO: (Database: raw_init_data_v20240910-231504-GMT3.db) Committed datapoint: Q4 2021|_|9495
2024-09-11 02:16:18,125 - INFO: (Database: raw_init_data_v20240910-231504-GMT3.db) Committed datapoint: Q1 2024|_|4583
2024-09-11 02:16:18,126 - INFO: (Database: raw_init_data_v20240910-231504-GMT3.db) Committed datapoint: Q1 2022|_|8037
2024-09-11 02:16:18,146 - INFO: (Database: raw_init_data_v20240910-231504-GMT3.db) All datapoints have been committed
2024-09-11 02:16:18,175 - INFO: (Database: raw_init_data_v20240910-231504-GMT3.db) Committed datapoint: Q2 2022|_|9021
2024-09-11 02:16:18,220 - INFO: (Database: raw_init_data_v20240910-231504-GMT3.db) Committed datapoint: Q3 2022|_|9034
2024-09-11 02:16:18,220 - INFO: (Database: raw_init_data_v20240910-231504-GMT3.db) Committed datapoint: TikTok MAUs - Infogram
2024-09-11 02:16:18,242 - INFO: (Database: raw_init_data_v20240910-231504-GMT3.db) Committed datapoint: Q4 2022|_|10871
2024-09-11 02:16:18,242 - INFO: (Database: raw_init_data_v20240910-231504-GMT3.db) Committed datapoint: Q1 2018|_|85
2024-09-11 02:16:18,267 - INFO: (Database: raw_init_data_v20240910-231504-GMT3.db) Committed datapoint: Q1 2023|_|10054
2024-09-11 02:16:18,267 - INFO: (Database: raw_init_data_v20240910-231504-GMT3.db) Committed datapoint: Q2 2018|_|133
2024-09-11 02:16:18,301 - INFO: (Database: raw_init_data_v20240910-231504-GMT3.db) Committed datapoint: Q2 2023|_|11775
2024-09-11 02:16:18,302 - INFO: (Database: raw_init_data_v20240910-231504-GMT3.db) Committed datapoint: Q3 2018|_|198
2024-09-11 02:16:18,335 - INFO: (Database: raw_init_data_v20240910-231504-GMT3.db) Committed datapoint: Q3 2023|_|12736
2024-09-11 02:16:18,335 - INFO: (Database: raw_init_data_v20240910-231504-GMT3.db) Committed datapoint: Q4 2018|_|271
2024-09-11 02:16:18,355 - INFO: (Database: raw_init_data_v20240910-231504-GMT3.db) Committed datapoint: Q4 2023|_|15322
2024-09-11 02:16:18,356 - INFO: (Database: raw_init_data_v20240910-231504-GMT3.db) Committed datapoint: Q1 2019|_|333
2024-09-11 02:16:18,371 - INFO: (Database: raw_init_data_v20240910-231504-GMT3.db) Committed datapoint: Q1 2024|_|14472
2024-09-11 02:16:18,371 - INFO: (Database: raw_init_data_v20240910-231504-GMT3.db) Committed datapoint: Q2 2019|_|381
2024-09-11 02:16:18,388 - INFO: (Database: raw_init_data_v20240910-231504-GMT3.db) All datapoints have been committed
2024-09-11 02:16:18,407 - INFO: (Database: raw_init_data_v20240910-231504-GMT3.db) Committed datapoint: Q3 2019|_|439
2024-09-11 02:16:18,469 - INFO: (Database: raw_init_data_v20240910-231504-GMT3.db) Committed datapoint: Q4 2019|_|508
2024-09-11 02:16:18,470 - INFO: (Database: raw_init_data_v20240910-231504-GMT3.db) Committed datapoint: Instagram monthly app users - Infogram
2024-09-11 02:16:18,493 - INFO: (Database: raw_init_data_v20240910-231504-GMT3.db) Committed datapoint: Q1 2020|_|583
2024-09-11 02:16:18,493 - INFO: (Database: raw_init_data_v20240910-231504-GMT3.db) Committed datapoint: Q1 2013|_|90
2024-09-11 02:16:18,507 - INFO: (Database: raw_init_data_v20240910-231504-GMT3.db) Committed datapoint: Q2 2020|_|700
2024-09-11 02:16:18,507 - INFO: (Database: raw_init_data_v20240910-231504-GMT3.db) Committed datapoint: Q2 2013|_|110
2024-09-11 02:16:18,524 - INFO: (Database: raw_init_data_v20240910-231504-GMT3.db) Committed datapoint: Q3 2020|_|667
2024-09-11 02:16:18,524 - INFO: (Database: raw_init_data_v20240910-231504-GMT3.db) Committed datapoint: Q3 2013|_|130
2024-09-11 02:16:18,548 - INFO: (Database: raw_init_data_v20240910-231504-GMT3.db) Committed datapoint: Q4 2020|_|756
2024-09-11 02:16:18,549 - INFO: (Database: raw_init_data_v20240910-231504-GMT3.db) Committed datapoint: Q4 2013|_|150
2024-09-11 02:16:18,564 - INFO: (Database: raw_init_data_v20240910-231504-GMT3.db) Committed datapoint: Q1 2021|_|812
2024-09-11 02:16:18,564 - INFO: (Database: raw_init_data_v20240910-231504-GMT3.db) Committed datapoint: Q1 2014|_|175
2024-09-11 02:16:18,594 - INFO: (Database: raw_init_data_v20240910-231504-GMT3.db) Committed datapoint: Q2 2021|_|902
2024-09-11 02:16:18,594 - INFO: (Database: raw_init_data_v20240910-231504-GMT3.db) Committed datapoint: Q2 2014|_|200
2024-09-11 02:16:18,611 - INFO: (Database: raw_init_data_v20240910-231504-GMT3.db) Committed datapoint: Q3 2021|_|1015
2024-09-11 02:16:18,612 - INFO: (Database: raw_init_data_v20240910-231504-GMT3.db) Committed datapoint: Q3 2014|_|250
2024-09-11 02:16:18,633 - INFO: (Database: raw_init_data_v20240910-231504-GMT3.db) Committed datapoint: Q4 2021|_|1112
2024-09-11 02:16:18,633 - INFO: (Database: raw_init_data_v20240910-231504-GMT3.db) Committed datapoint: Q4 2014|_|300
2024-09-11 02:16:18,662 - INFO: (Database: raw_init_data_v20240910-231504-GMT3.db) Committed datapoint: Q1 2022|_|1239
2024-09-11 02:16:18,663 - INFO: (Database: raw_init_data_v20240910-231504-GMT3.db) Committed datapoint: Q1 2015|_|335
2024-09-11 02:16:18,681 - INFO: (Database: raw_init_data_v20240910-231504-GMT3.db) Committed datapoint: Q2 2022|_|1366
2024-09-11 02:16:18,681 - INFO: (Database: raw_init_data_v20240910-231504-GMT3.db) Committed datapoint: Q2 2015|_|370
2024-09-11 02:16:18,709 - INFO: (Database: raw_init_data_v20240910-231504-GMT3.db) Committed datapoint: Q3 2022|_|1435
2024-09-11 02:16:18,709 - INFO: (Database: raw_init_data_v20240910-231504-GMT3.db) Committed datapoint: Q3 2015|_|400
2024-09-11 02:16:18,740 - INFO: (Database: raw_init_data_v20240910-231504-GMT3.db) Committed datapoint: Q4 2022|_|1501
2024-09-11 02:16:18,740 - INFO: (Database: raw_init_data_v20240910-231504-GMT3.db) Committed datapoint: Q4 2015|_|435
2024-09-11 02:16:18,757 - INFO: (Database: raw_init_data_v20240910-231504-GMT3.db) Committed datapoint: Q1 2023|_|1549
2024-09-11 02:16:18,757 - INFO: (Database: raw_init_data_v20240910-231504-GMT3.db) Committed datapoint: Q1 2016|_|475
2024-09-11 02:16:18,778 - INFO: (Database: raw_init_data_v20240910-231504-GMT3.db) Committed datapoint: Q2 2023|_|1587
2024-09-11 02:16:18,778 - INFO: (Database: raw_init_data_v20240910-231504-GMT3.db) Committed datapoint: Q2 2016|_|500
2024-09-11 02:16:18,795 - INFO: (Database: raw_init_data_v20240910-231504-GMT3.db) Committed datapoint: Q3 2023|_|1616
2024-09-11 02:16:18,796 - INFO: (Database: raw_init_data_v20240910-231504-GMT3.db) Committed datapoint: Q3 2016|_|545
2024-09-11 02:16:18,818 - INFO: (Database: raw_init_data_v20240910-231504-GMT3.db) Committed datapoint: Q4 2023|_|1635
2024-09-11 02:16:18,818 - INFO: (Database: raw_init_data_v20240910-231504-GMT3.db) Committed datapoint: Q4 2016|_|600
2024-09-11 02:16:18,837 - INFO: (Database: raw_init_data_v20240910-231504-GMT3.db) Committed datapoint: Q1 2024|_|1666
2024-09-11 02:16:18,837 - INFO: (Database: raw_init_data_v20240910-231504-GMT3.db) Committed datapoint: Q1 2017|_|640
2024-09-11 02:16:18,865 - INFO: (Database: raw_init_data_v20240910-231504-GMT3.db) All datapoints have been committed
2024-09-11 02:16:18,906 - INFO: (Database: raw_init_data_v20240910-231504-GMT3.db) Committed datapoint: Q2 2017|_|700
2024-09-11 02:16:18,941 - INFO: (Database: raw_init_data_v20240910-231504-GMT3.db) Committed datapoint: Q3 2017|_|800
2024-09-11 02:16:18,942 - INFO: (Database: raw_init_data_v20240910-231504-GMT3.db) Committed datapoint: Tiktok downloads quarterly - Infogram
2024-09-11 02:16:18,971 - INFO: (Database: raw_init_data_v20240910-231504-GMT3.db) Committed datapoint: Q4 2017|_|885
2024-09-11 02:16:18,971 - INFO: (Database: raw_init_data_v20240910-231504-GMT3.db) Committed datapoint: Q2 2016|_|21
2024-09-11 02:16:19,010 - INFO: (Database: raw_init_data_v20240910-231504-GMT3.db) Committed datapoint: Q1 2018|_|960
2024-09-11 02:16:19,011 - INFO: (Database: raw_init_data_v20240910-231504-GMT3.db) Committed datapoint: Q3 2016|_|22
2024-09-11 02:16:19,052 - INFO: (Database: raw_init_data_v20240910-231504-GMT3.db) Committed datapoint: Q2 2018|_|1000
2024-09-11 02:16:19,052 - INFO: (Database: raw_init_data_v20240910-231504-GMT3.db) Committed datapoint: Q4 2016|_|25
2024-09-11 02:16:19,075 - INFO: (Database: raw_init_data_v20240910-231504-GMT3.db) Committed datapoint: Q3 2018|_|1060
2024-09-11 02:16:19,075 - INFO: (Database: raw_init_data_v20240910-231504-GMT3.db) Committed datapoint: Q1 2017|_|23
2024-09-11 02:16:19,094 - INFO: (Database: raw_init_data_v20240910-231504-GMT3.db) Committed datapoint: Q4 2018|_|1115
2024-09-11 02:16:19,095 - INFO: (Database: raw_init_data_v20240910-231504-GMT3.db) Committed datapoint: Q2 2017|_|28
2024-09-11 02:16:19,111 - INFO: (Database: raw_init_data_v20240910-231504-GMT3.db) Committed datapoint: Q1 2019|_|1160
2024-09-11 02:16:19,111 - INFO: (Database: raw_init_data_v20240910-231504-GMT3.db) Committed datapoint: Q3 2017|_|34
2024-09-11 02:16:19,132 - INFO: (Database: raw_init_data_v20240910-231504-GMT3.db) Committed datapoint: Q2 2019|_|1210
2024-09-11 02:16:19,132 - INFO: (Database: raw_init_data_v20240910-231504-GMT3.db) Committed datapoint: Q4 2017|_|47
2024-09-11 02:16:19,165 - INFO: (Database: raw_init_data_v20240910-231504-GMT3.db) Committed datapoint: Q3 2019|_|1255
2024-09-11 02:16:19,165 - INFO: (Database: raw_init_data_v20240910-231504-GMT3.db) Committed datapoint: Q1 2018|_|111
2024-09-11 02:16:19,186 - INFO: (Database: raw_init_data_v20240910-231504-GMT3.db) Committed datapoint: Q4 2019|_|1300
2024-09-11 02:16:19,186 - INFO: (Database: raw_init_data_v20240910-231504-GMT3.db) Committed datapoint: Q2 2018|_|136
2024-09-11 02:16:19,206 - INFO: (Database: raw_init_data_v20240910-231504-GMT3.db) Committed datapoint: Q1 2020|_|1365
2024-09-11 02:16:19,207 - INFO: (Database: raw_init_data_v20240910-231504-GMT3.db) Committed datapoint: Q3 2018|_|164
2024-09-11 02:16:19,242 - INFO: (Database: raw_init_data_v20240910-231504-GMT3.db) Committed datapoint: Q2 2020|_|1435
2024-09-11 02:16:19,242 - INFO: (Database: raw_init_data_v20240910-231504-GMT3.db) Committed datapoint: Q4 2018|_|186
2024-09-11 02:16:19,275 - INFO: (Database: raw_init_data_v20240910-231504-GMT3.db) Committed datapoint: Q3 2020|_|1490
2024-09-11 02:16:19,275 - INFO: (Database: raw_init_data_v20240910-231504-GMT3.db) Committed datapoint: Q1 2019|_|183
2024-09-11 02:16:19,294 - INFO: (Database: raw_init_data_v20240910-231504-GMT3.db) Committed datapoint: Q4 2020|_|1555
2024-09-11 02:16:19,295 - INFO: (Database: raw_init_data_v20240910-231504-GMT3.db) Committed datapoint: Q2 2019|_|153
2024-09-11 02:16:19,316 - INFO: (Database: raw_init_data_v20240910-231504-GMT3.db) Committed datapoint: Q1 2021|_|1630
2024-09-11 02:16:19,316 - INFO: (Database: raw_init_data_v20240910-231504-GMT3.db) Committed datapoint: Q3 2019|_|173
2024-09-11 02:16:19,334 - INFO: (Database: raw_init_data_v20240910-231504-GMT3.db) Committed datapoint: Q2 2021|_|1690
2024-09-11 02:16:19,334 - INFO: (Database: raw_init_data_v20240910-231504-GMT3.db) Committed datapoint: Q4 2019|_|218
2024-09-11 02:16:19,347 - INFO: (Database: raw_init_data_v20240910-231504-GMT3.db) Committed datapoint: Q3 2021|_|1765
2024-09-11 02:16:19,347 - INFO: (Database: raw_init_data_v20240910-231504-GMT3.db) Committed datapoint: Q1 2020|_|286
2024-09-11 02:16:19,365 - INFO: (Database: raw_init_data_v20240910-231504-GMT3.db) Committed datapoint: Q4 2021|_|1845
2024-09-11 02:16:19,365 - INFO: (Database: raw_init_data_v20240910-231504-GMT3.db) Committed datapoint: Q2 2020|_|270
2024-09-11 02:16:19,381 - INFO: (Database: raw_init_data_v20240910-231504-GMT3.db) Committed datapoint: Q1 2022|_|1905
2024-09-11 02:16:19,382 - INFO: (Database: raw_init_data_v20240910-231504-GMT3.db) Committed datapoint: Q3 2020|_|157
2024-09-11 02:16:19,408 - INFO: (Database: raw_init_data_v20240910-231504-GMT3.db) Committed datapoint: Q2 2022|_|1960
2024-09-11 02:16:19,409 - INFO: (Database: raw_init_data_v20240910-231504-GMT3.db) Committed datapoint: Q4 2020|_|137
2024-09-11 02:16:19,424 - INFO: (Database: raw_init_data_v20240910-231504-GMT3.db) Committed datapoint: Q3 2022|_|2010
2024-09-11 02:16:19,424 - INFO: (Database: raw_init_data_v20240910-231504-GMT3.db) Committed datapoint: Q1 2021|_|155
2024-09-11 02:16:19,447 - INFO: (Database: raw_init_data_v20240910-231504-GMT3.db) Committed datapoint: Q4 2022|_|2050
2024-09-11 02:16:19,447 - INFO: (Database: raw_init_data_v20240910-231504-GMT3.db) Committed datapoint: Q2 2021|_|183
2024-09-11 02:16:19,475 - INFO: (Database: raw_init_data_v20240910-231504-GMT3.db) Committed datapoint: Q1 2023|_|2085
2024-09-11 02:16:19,475 - INFO: (Database: raw_init_data_v20240910-231504-GMT3.db) Committed datapoint: Q3 2021|_|164
2024-09-11 02:16:19,500 - INFO: (Database: raw_init_data_v20240910-231504-GMT3.db) Committed datapoint: Q2 2023|_|2115
2024-09-11 02:16:19,500 - INFO: (Database: raw_init_data_v20240910-231504-GMT3.db) Committed datapoint: Q4 2021|_|154
2024-09-11 02:16:19,519 - INFO: (Database: raw_init_data_v20240910-231504-GMT3.db) Committed datapoint: Q3 2023|_|2145
2024-09-11 02:16:19,519 - INFO: (Database: raw_init_data_v20240910-231504-GMT3.db) Committed datapoint: Q1 2022|_|170
2024-09-11 02:16:19,566 - INFO: (Database: raw_init_data_v20240910-231504-GMT3.db) Committed datapoint: Q4 2023|_|2180
2024-09-11 02:16:19,566 - INFO: (Database: raw_init_data_v20240910-231504-GMT3.db) Committed datapoint: Q2 2022|_|167
2024-09-11 02:16:19,588 - INFO: (Database: raw_init_data_v20240910-231504-GMT3.db) Committed datapoint: Q1 2024|_|2231
2024-09-11 02:16:19,588 - INFO: (Database: raw_init_data_v20240910-231504-GMT3.db) Committed datapoint: Q3 2022|_|178
2024-09-11 02:16:19,603 - INFO: (Database: raw_init_data_v20240910-231504-GMT3.db) All datapoints have been committed
2024-09-11 02:16:19,631 - INFO: (Database: raw_init_data_v20240910-231504-GMT3.db) Committed datapoint: Q4 2022|_|157
2024-09-11 02:16:19,679 - INFO: (Database: raw_init_data_v20240910-231504-GMT3.db) Committed datapoint: Q1 2023|_|176
2024-09-11 02:16:19,680 - INFO: (Database: raw_init_data_v20240910-231504-GMT3.db) Committed datapoint: Social App Users - Infogram
2024-09-11 02:16:19,738 - INFO: (Database: raw_init_data_v20240910-231504-GMT3.db) All datapoints have been committed
2024-09-11 02:16:19,739 - INFO: (Database: raw_init_data_v20240910-231504-GMT3.db) All expected attempted charts from raw_ig datapoints commit ended
2024-09-11 02:16:19,739 - INFO: (Database: raw_init_data_v20240910-231504-GMT3.db) All attempted expected target data commit ended
2024-09-11 02:16:19,739 - INFO: (Database: raw_init_data_v20240910-231504-GMT3.db) Committed datapoint: Q2 2023|_|155
2024-09-11 02:16:19,758 - INFO: (Database: raw_init_data_v20240910-231504-GMT3.db) Committed datapoint: Q3 2023|_|145
2024-09-11 02:16:19,774 - INFO: (Database: raw_init_data_v20240910-231504-GMT3.db) Committed datapoint: Q4 2023|_|178
2024-09-11 02:16:19,806 - INFO: (Database: raw_init_data_v20240910-231504-GMT3.db) Committed datapoint: Q1 2024|_|180
2024-09-11 02:16:19,823 - INFO: (Database: raw_init_data_v20240910-231504-GMT3.db) All datapoints have been committed
2024-09-11 02:16:19,863 - INFO: (Database: raw_init_data_v20240910-231504-GMT3.db) Committed datapoint: Social App Users - Infogram
2024-09-11 02:16:19,881 - INFO: (Database: raw_init_data_v20240910-231504-GMT3.db) All datapoints have been committed
2024-09-11 02:16:19,881 - INFO: (Database: raw_init_data_v20240910-231504-GMT3.db) All expected attempted charts from raw_tk datapoints commit ended
2024-09-11 02:16:19,881 - INFO: (Database: raw_init_data_v20240910-231504-GMT3.db) All attempted expected target data commit ended
2024-09-11 02:16:19,882 - INFO: (Database: raw_init_data_v20240910-231504-GMT3.db) Connection closed
2024-09-11 02:16:19,882 - INFO: [ACTUAL WEBSCRAPING SESSION ENDED]
